<?xml version="1.0" encoding="UTF-8"?>
<!-- Generated by org.testng.reporters.JUnitXMLReporter -->
<testsuite hostname="IONCHI-LAP95" tests="3" failures="0" timestamp="13 Aug 2019 18:53:22 GMT" time="7.524" errors="0">
  <testcase name="@BeforeMethod initWebBrowser" time="0.0" classname="SearchTests">
    <failure type="org.openqa.selenium.SessionNotCreatedException" message="session not created: This version of ChromeDriver only supports Chrome version 76
Build info: version: &amp;apos;unknown&amp;apos;, revision: &amp;apos;unknown&amp;apos;, time: &amp;apos;unknown&amp;apos;
System info: host: &amp;apos;IONCHI-LAP95&amp;apos;, ip: &amp;apos;10.12.64.3&amp;apos;, os.name: &amp;apos;Windows 7&amp;apos;, os.arch: &amp;apos;amd64&amp;apos;, os.version: &amp;apos;6.1&amp;apos;, java.version: &amp;apos;1.8.0_171&amp;apos;
Driver info: driver.version: ChromeDriver
remote stacktrace: Backtrace:
	Ordinal0 [0x01047C93+1473683]
	Ordinal0 [0x00FCADB1+961969]
	Ordinal0 [0x00F542E3+475875]
	Ordinal0 [0x00EEF365+62309]
	Ordinal0 [0x00EEBC77+48247]
	Ordinal0 [0x00F09149+168265]
	Ordinal0 [0x00F08D1D+167197]
	Ordinal0 [0x00F0742B+160811]
	Ordinal0 [0x00EF0AE6+68326]
	Ordinal0 [0x00EF1BF0+72688]
	Ordinal0 [0x00EF1B89+72585]
	Ordinal0 [0x00FE4B77+1067895]
	GetHandleVerifier [0x010E6875+506677]
	GetHandleVerifier [0x010E6610+506064]
	GetHandleVerifier [0x010ED1B8+533624]
	GetHandleVerifier [0x010E704A+508682]
	Ordinal0 [0x00FDC266+1032806]
	Ordinal0 [0x00FDC0DF+1032415]
	Ordinal0 [0x00FE6A8B+1075851]
	Ordinal0 [0x00FE6BF3+1076211]
	Ordinal0 [0x00FE5BA5+1072037]
	BaseThreadInitThunk [0x76F8343D+18]
	RtlInitializeExceptionChain [0x77D69802+99]
	RtlInitializeExceptionChain [0x77D697D5+54]
">
      <![CDATA[org.openqa.selenium.SessionNotCreatedException: session not created: This version of ChromeDriver only supports Chrome version 76
Build info: version: 'unknown', revision: 'unknown', time: 'unknown'
System info: host: 'IONCHI-LAP95', ip: '10.12.64.3', os.name: 'Windows 7', os.arch: 'amd64', os.version: '6.1', java.version: '1.8.0_171'
Driver info: driver.version: ChromeDriver
remote stacktrace: Backtrace:
	Ordinal0 [0x01047C93+1473683]
	Ordinal0 [0x00FCADB1+961969]
	Ordinal0 [0x00F542E3+475875]
	Ordinal0 [0x00EEF365+62309]
	Ordinal0 [0x00EEBC77+48247]
	Ordinal0 [0x00F09149+168265]
	Ordinal0 [0x00F08D1D+167197]
	Ordinal0 [0x00F0742B+160811]
	Ordinal0 [0x00EF0AE6+68326]
	Ordinal0 [0x00EF1BF0+72688]
	Ordinal0 [0x00EF1B89+72585]
	Ordinal0 [0x00FE4B77+1067895]
	GetHandleVerifier [0x010E6875+506677]
	GetHandleVerifier [0x010E6610+506064]
	GetHandleVerifier [0x010ED1B8+533624]
	GetHandleVerifier [0x010E704A+508682]
	Ordinal0 [0x00FDC266+1032806]
	Ordinal0 [0x00FDC0DF+1032415]
	Ordinal0 [0x00FE6A8B+1075851]
	Ordinal0 [0x00FE6BF3+1076211]
	Ordinal0 [0x00FE5BA5+1072037]
	BaseThreadInitThunk [0x76F8343D+18]
	RtlInitializeExceptionChain [0x77D69802+99]
	RtlInitializeExceptionChain [0x77D697D5+54]

	at org.openqa.selenium.remote.W3CHandshakeResponse.lambda$new$0(W3CHandshakeResponse.java:57)
	at org.openqa.selenium.remote.W3CHandshakeResponse.lambda$getResponseFunction$2(W3CHandshakeResponse.java:104)
	at org.openqa.selenium.remote.ProtocolHandshake.lambda$createSession$22(ProtocolHandshake.java:365)
	at java.util.stream.ReferencePipeline$3$1.accept(Unknown Source)
	at java.util.Spliterators$ArraySpliterator.tryAdvance(Unknown Source)
	at java.util.stream.ReferencePipeline.forEachWithCancel(Unknown Source)
	at java.util.stream.AbstractPipeline.copyIntoWithCancel(Unknown Source)
	at java.util.stream.AbstractPipeline.copyInto(Unknown Source)
	at java.util.stream.AbstractPipeline.wrapAndCopyInto(Unknown Source)
	at java.util.stream.FindOps$FindOp.evaluateSequential(Unknown Source)
	at java.util.stream.AbstractPipeline.evaluate(Unknown Source)
	at java.util.stream.ReferencePipeline.findFirst(Unknown Source)
	at org.openqa.selenium.remote.ProtocolHandshake.createSession(ProtocolHandshake.java:368)
	at org.openqa.selenium.remote.ProtocolHandshake.createSession(ProtocolHandshake.java:159)
	at org.openqa.selenium.remote.HttpCommandExecutor.execute(HttpCommandExecutor.java:142)
	at org.openqa.selenium.remote.service.DriverCommandExecutor.execute(DriverCommandExecutor.java:82)
	at org.openqa.selenium.remote.RemoteWebDriver.execute(RemoteWebDriver.java:637)
	at org.openqa.selenium.remote.RemoteWebDriver.startSession(RemoteWebDriver.java:250)
	at org.openqa.selenium.remote.RemoteWebDriver.startSession(RemoteWebDriver.java:236)
	at org.openqa.selenium.remote.RemoteWebDriver.<init>(RemoteWebDriver.java:137)
	at org.openqa.selenium.chrome.ChromeDriver.<init>(ChromeDriver.java:184)
	at org.openqa.selenium.chrome.ChromeDriver.<init>(ChromeDriver.java:171)
	at org.openqa.selenium.chrome.ChromeDriver.<init>(ChromeDriver.java:158)
	at utils.WebBrowser.initWebBrowser(WebBrowser.java:40)
	at Main.main(Main.java:9)
... Removed 27 stack frames]]>
    </failure>
  </testcase> <!-- @BeforeMethod initWebBrowser -->
  <testcase name="@BeforeMethod initWebBrowser" time="0.0" classname="SearchTests">
    <failure type="org.openqa.selenium.SessionNotCreatedException" message="session not created: This version of ChromeDriver only supports Chrome version 76
Build info: version: &amp;apos;unknown&amp;apos;, revision: &amp;apos;unknown&amp;apos;, time: &amp;apos;unknown&amp;apos;
System info: host: &amp;apos;IONCHI-LAP95&amp;apos;, ip: &amp;apos;10.12.64.3&amp;apos;, os.name: &amp;apos;Windows 7&amp;apos;, os.arch: &amp;apos;amd64&amp;apos;, os.version: &amp;apos;6.1&amp;apos;, java.version: &amp;apos;1.8.0_171&amp;apos;
Driver info: driver.version: ChromeDriver
remote stacktrace: Backtrace:
	Ordinal0 [0x01047C93+1473683]
	Ordinal0 [0x00FCADB1+961969]
	Ordinal0 [0x00F542E3+475875]
	Ordinal0 [0x00EEF365+62309]
	Ordinal0 [0x00EEBC77+48247]
	Ordinal0 [0x00F09149+168265]
	Ordinal0 [0x00F08D1D+167197]
	Ordinal0 [0x00F0742B+160811]
	Ordinal0 [0x00EF0AE6+68326]
	Ordinal0 [0x00EF1BF0+72688]
	Ordinal0 [0x00EF1B89+72585]
	Ordinal0 [0x00FE4B77+1067895]
	GetHandleVerifier [0x010E6875+506677]
	GetHandleVerifier [0x010E6610+506064]
	GetHandleVerifier [0x010ED1B8+533624]
	GetHandleVerifier [0x010E704A+508682]
	Ordinal0 [0x00FDC266+1032806]
	Ordinal0 [0x00FDC0DF+1032415]
	Ordinal0 [0x00FE6A8B+1075851]
	Ordinal0 [0x00FE6BF3+1076211]
	Ordinal0 [0x00FE5BA5+1072037]
	BaseThreadInitThunk [0x76F8343D+18]
	RtlInitializeExceptionChain [0x77D69802+99]
	RtlInitializeExceptionChain [0x77D697D5+54]
">
      <![CDATA[org.openqa.selenium.SessionNotCreatedException: session not created: This version of ChromeDriver only supports Chrome version 76
Build info: version: 'unknown', revision: 'unknown', time: 'unknown'
System info: host: 'IONCHI-LAP95', ip: '10.12.64.3', os.name: 'Windows 7', os.arch: 'amd64', os.version: '6.1', java.version: '1.8.0_171'
Driver info: driver.version: ChromeDriver
remote stacktrace: Backtrace:
	Ordinal0 [0x01047C93+1473683]
	Ordinal0 [0x00FCADB1+961969]
	Ordinal0 [0x00F542E3+475875]
	Ordinal0 [0x00EEF365+62309]
	Ordinal0 [0x00EEBC77+48247]
	Ordinal0 [0x00F09149+168265]
	Ordinal0 [0x00F08D1D+167197]
	Ordinal0 [0x00F0742B+160811]
	Ordinal0 [0x00EF0AE6+68326]
	Ordinal0 [0x00EF1BF0+72688]
	Ordinal0 [0x00EF1B89+72585]
	Ordinal0 [0x00FE4B77+1067895]
	GetHandleVerifier [0x010E6875+506677]
	GetHandleVerifier [0x010E6610+506064]
	GetHandleVerifier [0x010ED1B8+533624]
	GetHandleVerifier [0x010E704A+508682]
	Ordinal0 [0x00FDC266+1032806]
	Ordinal0 [0x00FDC0DF+1032415]
	Ordinal0 [0x00FE6A8B+1075851]
	Ordinal0 [0x00FE6BF3+1076211]
	Ordinal0 [0x00FE5BA5+1072037]
	BaseThreadInitThunk [0x76F8343D+18]
	RtlInitializeExceptionChain [0x77D69802+99]
	RtlInitializeExceptionChain [0x77D697D5+54]

	at org.openqa.selenium.remote.W3CHandshakeResponse.lambda$new$0(W3CHandshakeResponse.java:57)
	at org.openqa.selenium.remote.W3CHandshakeResponse.lambda$getResponseFunction$2(W3CHandshakeResponse.java:104)
	at org.openqa.selenium.remote.ProtocolHandshake.lambda$createSession$22(ProtocolHandshake.java:365)
	at java.util.stream.ReferencePipeline$3$1.accept(Unknown Source)
	at java.util.Spliterators$ArraySpliterator.tryAdvance(Unknown Source)
	at java.util.stream.ReferencePipeline.forEachWithCancel(Unknown Source)
	at java.util.stream.AbstractPipeline.copyIntoWithCancel(Unknown Source)
	at java.util.stream.AbstractPipeline.copyInto(Unknown Source)
	at java.util.stream.AbstractPipeline.wrapAndCopyInto(Unknown Source)
	at java.util.stream.FindOps$FindOp.evaluateSequential(Unknown Source)
	at java.util.stream.AbstractPipeline.evaluate(Unknown Source)
	at java.util.stream.ReferencePipeline.findFirst(Unknown Source)
	at org.openqa.selenium.remote.ProtocolHandshake.createSession(ProtocolHandshake.java:368)
	at org.openqa.selenium.remote.ProtocolHandshake.createSession(ProtocolHandshake.java:159)
	at org.openqa.selenium.remote.HttpCommandExecutor.execute(HttpCommandExecutor.java:142)
	at org.openqa.selenium.remote.service.DriverCommandExecutor.execute(DriverCommandExecutor.java:82)
	at org.openqa.selenium.remote.RemoteWebDriver.execute(RemoteWebDriver.java:637)
	at org.openqa.selenium.remote.RemoteWebDriver.startSession(RemoteWebDriver.java:250)
	at org.openqa.selenium.remote.RemoteWebDriver.startSession(RemoteWebDriver.java:236)
	at org.openqa.selenium.remote.RemoteWebDriver.<init>(RemoteWebDriver.java:137)
	at org.openqa.selenium.chrome.ChromeDriver.<init>(ChromeDriver.java:184)
	at org.openqa.selenium.chrome.ChromeDriver.<init>(ChromeDriver.java:171)
	at org.openqa.selenium.chrome.ChromeDriver.<init>(ChromeDriver.java:158)
	at utils.WebBrowser.initWebBrowser(WebBrowser.java:40)
	at Main.main(Main.java:9)
... Removed 27 stack frames]]>
    </failure>
  </testcase> <!-- @BeforeMethod initWebBrowser -->
  <testcase name="@BeforeMethod initWebBrowser" time="0.0" classname="SearchTests">
    <failure type="org.openqa.selenium.SessionNotCreatedException" message="session not created: This version of ChromeDriver only supports Chrome version 76
Build info: version: &amp;apos;unknown&amp;apos;, revision: &amp;apos;unknown&amp;apos;, time: &amp;apos;unknown&amp;apos;
System info: host: &amp;apos;IONCHI-LAP95&amp;apos;, ip: &amp;apos;10.12.64.3&amp;apos;, os.name: &amp;apos;Windows 7&amp;apos;, os.arch: &amp;apos;amd64&amp;apos;, os.version: &amp;apos;6.1&amp;apos;, java.version: &amp;apos;1.8.0_171&amp;apos;
Driver info: driver.version: ChromeDriver
remote stacktrace: Backtrace:
	Ordinal0 [0x01047C93+1473683]
	Ordinal0 [0x00FCADB1+961969]
	Ordinal0 [0x00F542E3+475875]
	Ordinal0 [0x00EEF365+62309]
	Ordinal0 [0x00EEBC77+48247]
	Ordinal0 [0x00F09149+168265]
	Ordinal0 [0x00F08D1D+167197]
	Ordinal0 [0x00F0742B+160811]
	Ordinal0 [0x00EF0AE6+68326]
	Ordinal0 [0x00EF1BF0+72688]
	Ordinal0 [0x00EF1B89+72585]
	Ordinal0 [0x00FE4B77+1067895]
	GetHandleVerifier [0x010E6875+506677]
	GetHandleVerifier [0x010E6610+506064]
	GetHandleVerifier [0x010ED1B8+533624]
	GetHandleVerifier [0x010E704A+508682]
	Ordinal0 [0x00FDC266+1032806]
	Ordinal0 [0x00FDC0DF+1032415]
	Ordinal0 [0x00FE6A8B+1075851]
	Ordinal0 [0x00FE6BF3+1076211]
	Ordinal0 [0x00FE5BA5+1072037]
	BaseThreadInitThunk [0x76F8343D+18]
	RtlInitializeExceptionChain [0x77D69802+99]
	RtlInitializeExceptionChain [0x77D697D5+54]
">
      <![CDATA[org.openqa.selenium.SessionNotCreatedException: session not created: This version of ChromeDriver only supports Chrome version 76
Build info: version: 'unknown', revision: 'unknown', time: 'unknown'
System info: host: 'IONCHI-LAP95', ip: '10.12.64.3', os.name: 'Windows 7', os.arch: 'amd64', os.version: '6.1', java.version: '1.8.0_171'
Driver info: driver.version: ChromeDriver
remote stacktrace: Backtrace:
	Ordinal0 [0x01047C93+1473683]
	Ordinal0 [0x00FCADB1+961969]
	Ordinal0 [0x00F542E3+475875]
	Ordinal0 [0x00EEF365+62309]
	Ordinal0 [0x00EEBC77+48247]
	Ordinal0 [0x00F09149+168265]
	Ordinal0 [0x00F08D1D+167197]
	Ordinal0 [0x00F0742B+160811]
	Ordinal0 [0x00EF0AE6+68326]
	Ordinal0 [0x00EF1BF0+72688]
	Ordinal0 [0x00EF1B89+72585]
	Ordinal0 [0x00FE4B77+1067895]
	GetHandleVerifier [0x010E6875+506677]
	GetHandleVerifier [0x010E6610+506064]
	GetHandleVerifier [0x010ED1B8+533624]
	GetHandleVerifier [0x010E704A+508682]
	Ordinal0 [0x00FDC266+1032806]
	Ordinal0 [0x00FDC0DF+1032415]
	Ordinal0 [0x00FE6A8B+1075851]
	Ordinal0 [0x00FE6BF3+1076211]
	Ordinal0 [0x00FE5BA5+1072037]
	BaseThreadInitThunk [0x76F8343D+18]
	RtlInitializeExceptionChain [0x77D69802+99]
	RtlInitializeExceptionChain [0x77D697D5+54]

	at org.openqa.selenium.remote.W3CHandshakeResponse.lambda$new$0(W3CHandshakeResponse.java:57)
	at org.openqa.selenium.remote.W3CHandshakeResponse.lambda$getResponseFunction$2(W3CHandshakeResponse.java:104)
	at org.openqa.selenium.remote.ProtocolHandshake.lambda$createSession$22(ProtocolHandshake.java:365)
	at java.util.stream.ReferencePipeline$3$1.accept(Unknown Source)
	at java.util.Spliterators$ArraySpliterator.tryAdvance(Unknown Source)
	at java.util.stream.ReferencePipeline.forEachWithCancel(Unknown Source)
	at java.util.stream.AbstractPipeline.copyIntoWithCancel(Unknown Source)
	at java.util.stream.AbstractPipeline.copyInto(Unknown Source)
	at java.util.stream.AbstractPipeline.wrapAndCopyInto(Unknown Source)
	at java.util.stream.FindOps$FindOp.evaluateSequential(Unknown Source)
	at java.util.stream.AbstractPipeline.evaluate(Unknown Source)
	at java.util.stream.ReferencePipeline.findFirst(Unknown Source)
	at org.openqa.selenium.remote.ProtocolHandshake.createSession(ProtocolHandshake.java:368)
	at org.openqa.selenium.remote.ProtocolHandshake.createSession(ProtocolHandshake.java:159)
	at org.openqa.selenium.remote.HttpCommandExecutor.execute(HttpCommandExecutor.java:142)
	at org.openqa.selenium.remote.service.DriverCommandExecutor.execute(DriverCommandExecutor.java:82)
	at org.openqa.selenium.remote.RemoteWebDriver.execute(RemoteWebDriver.java:637)
	at org.openqa.selenium.remote.RemoteWebDriver.startSession(RemoteWebDriver.java:250)
	at org.openqa.selenium.remote.RemoteWebDriver.startSession(RemoteWebDriver.java:236)
	at org.openqa.selenium.remote.RemoteWebDriver.<init>(RemoteWebDriver.java:137)
	at org.openqa.selenium.chrome.ChromeDriver.<init>(ChromeDriver.java:184)
	at org.openqa.selenium.chrome.ChromeDriver.<init>(ChromeDriver.java:171)
	at org.openqa.selenium.chrome.ChromeDriver.<init>(ChromeDriver.java:158)
	at utils.WebBrowser.initWebBrowser(WebBrowser.java:40)
	at Main.main(Main.java:9)
... Removed 27 stack frames]]>
    </failure>
  </testcase> <!-- @BeforeMethod initWebBrowser -->
  <testcase name="createAccountTest" time="0.001" classname="SearchTests">
    <skipped/>
  </testcase> <!-- createAccountTest -->
  <testcase name="searchTest1" time="0.001" classname="SearchTests">
    <skipped/>
  </testcase> <!-- searchTest1 -->
  <testcase name="searchTest2" time="0.0" classname="SearchTests">
    <skipped/>
  </testcase> <!-- searchTest2 -->
</testsuite>
