<?xml version="1.0" encoding="UTF-8"?>
<!-- Generated by org.testng.reporters.JUnitReportReporter -->
<testsuite hostname="IONCHI-LAP95" name="SearchTests" tests="3" failures="0" timestamp="13 Aug 2019 18:53:22 GMT" time="0.364" errors="3">
  <testcase name="createAccountTest" time="0.001" classname="SearchTests">
    <error type="org.openqa.selenium.SessionNotCreatedException" message="session not created: This version of ChromeDriver only supports Chrome version 76
Build info: version: &#039;unknown&#039;, revision: &#039;unknown&#039;, time: &#039;unknown&#039;
System info: host: &#039;IONCHI-LAP95&#039;, ip: &#039;10.12.64.3&#039;, os.name: &#039;Windows 7&#039;, os.arch: &#039;amd64&#039;, os.version: &#039;6.1&#039;, java.version: &#039;1.8.0_171&#039;
Driver info: driver.version: ChromeDriver
remote stacktrace: Backtrace:
	Ordinal0 [0x01047C93+1473683]
	Ordinal0 [0x00FCADB1+961969]
	Ordinal0 [0x00F542E3+475875]
	Ordinal0 [0x00EEF365+62309]
	Ordinal0 [0x00EEBC77+48247]
	Ordinal0 [0x00F09149+168265]
	Ordinal0 [0x00F08D1D+167197]
	Ordinal0 [0x00F0742B+160811]
	Ordinal0 [0x00EF0AE6+68326]
	Ordinal0 [0x00EF1BF0+72688]
	Ordinal0 [0x00EF1B89+72585]
	Ordinal0 [0x00FE4B77+1067895]
	GetHandleVerifier [0x010E6875+506677]
	GetHandleVerifier [0x010E6610+506064]
	GetHandleVerifier [0x010ED1B8+533624]
	GetHandleVerifier [0x010E704A+508682]
	Ordinal0 [0x00FDC266+1032806]
	Ordinal0 [0x00FDC0DF+1032415]
	Ordinal0 [0x00FE6A8B+1075851]
	Ordinal0 [0x00FE6BF3+1076211]
	Ordinal0 [0x00FE5BA5+1072037]
	BaseThreadInitThunk [0x76F8343D+18]
	RtlInitializeExceptionChain [0x77D69802+99]
	RtlInitializeExceptionChain [0x77D697D5+54]
">
      <![CDATA[org.openqa.selenium.SessionNotCreatedException: session not created: This version of ChromeDriver only supports Chrome version 76
Build info: version: 'unknown', revision: 'unknown', time: 'unknown'
System info: host: 'IONCHI-LAP95', ip: '10.12.64.3', os.name: 'Windows 7', os.arch: 'amd64', os.version: '6.1', java.version: '1.8.0_171'
Driver info: driver.version: ChromeDriver
remote stacktrace: Backtrace:
	Ordinal0 [0x01047C93+1473683]
	Ordinal0 [0x00FCADB1+961969]
	Ordinal0 [0x00F542E3+475875]
	Ordinal0 [0x00EEF365+62309]
	Ordinal0 [0x00EEBC77+48247]
	Ordinal0 [0x00F09149+168265]
	Ordinal0 [0x00F08D1D+167197]
	Ordinal0 [0x00F0742B+160811]
	Ordinal0 [0x00EF0AE6+68326]
	Ordinal0 [0x00EF1BF0+72688]
	Ordinal0 [0x00EF1B89+72585]
	Ordinal0 [0x00FE4B77+1067895]
	GetHandleVerifier [0x010E6875+506677]
	GetHandleVerifier [0x010E6610+506064]
	GetHandleVerifier [0x010ED1B8+533624]
	GetHandleVerifier [0x010E704A+508682]
	Ordinal0 [0x00FDC266+1032806]
	Ordinal0 [0x00FDC0DF+1032415]
	Ordinal0 [0x00FE6A8B+1075851]
	Ordinal0 [0x00FE6BF3+1076211]
	Ordinal0 [0x00FE5BA5+1072037]
	BaseThreadInitThunk [0x76F8343D+18]
	RtlInitializeExceptionChain [0x77D69802+99]
	RtlInitializeExceptionChain [0x77D697D5+54]

	at sun.reflect.NativeConstructorAccessorImpl.newInstance0(Native Method)
	at sun.reflect.NativeConstructorAccessorImpl.newInstance(Unknown Source)
	at sun.reflect.DelegatingConstructorAccessorImpl.newInstance(Unknown Source)
	at java.lang.reflect.Constructor.newInstance(Unknown Source)
	at org.openqa.selenium.remote.W3CHandshakeResponse.lambda$new$0(W3CHandshakeResponse.java:57)
	at org.openqa.selenium.remote.W3CHandshakeResponse.lambda$getResponseFunction$2(W3CHandshakeResponse.java:104)
	at org.openqa.selenium.remote.ProtocolHandshake.lambda$createSession$22(ProtocolHandshake.java:365)
	at java.util.stream.ReferencePipeline$3$1.accept(Unknown Source)
	at java.util.Spliterators$ArraySpliterator.tryAdvance(Unknown Source)
	at java.util.stream.ReferencePipeline.forEachWithCancel(Unknown Source)
	at java.util.stream.AbstractPipeline.copyIntoWithCancel(Unknown Source)
	at java.util.stream.AbstractPipeline.copyInto(Unknown Source)
	at java.util.stream.AbstractPipeline.wrapAndCopyInto(Unknown Source)
	at java.util.stream.FindOps$FindOp.evaluateSequential(Unknown Source)
	at java.util.stream.AbstractPipeline.evaluate(Unknown Source)
	at java.util.stream.ReferencePipeline.findFirst(Unknown Source)
	at org.openqa.selenium.remote.ProtocolHandshake.createSession(ProtocolHandshake.java:368)
	at org.openqa.selenium.remote.ProtocolHandshake.createSession(ProtocolHandshake.java:159)
	at org.openqa.selenium.remote.HttpCommandExecutor.execute(HttpCommandExecutor.java:142)
	at org.openqa.selenium.remote.service.DriverCommandExecutor.execute(DriverCommandExecutor.java:82)
	at org.openqa.selenium.remote.RemoteWebDriver.execute(RemoteWebDriver.java:637)
	at org.openqa.selenium.remote.RemoteWebDriver.startSession(RemoteWebDriver.java:250)
	at org.openqa.selenium.remote.RemoteWebDriver.startSession(RemoteWebDriver.java:236)
	at org.openqa.selenium.remote.RemoteWebDriver.<init>(RemoteWebDriver.java:137)
	at org.openqa.selenium.chrome.ChromeDriver.<init>(ChromeDriver.java:184)
	at org.openqa.selenium.chrome.ChromeDriver.<init>(ChromeDriver.java:171)
	at org.openqa.selenium.chrome.ChromeDriver.<init>(ChromeDriver.java:158)
	at utils.WebBrowser.initWebBrowser(WebBrowser.java:40)
	at sun.reflect.NativeMethodAccessorImpl.invoke0(Native Method)
	at sun.reflect.NativeMethodAccessorImpl.invoke(Unknown Source)
	at sun.reflect.DelegatingMethodAccessorImpl.invoke(Unknown Source)
	at java.lang.reflect.Method.invoke(Unknown Source)
	at org.testng.internal.MethodInvocationHelper.invokeMethod(MethodInvocationHelper.java:86)
	at org.testng.internal.Invoker.invokeConfigurationMethod(Invoker.java:514)
	at org.testng.internal.Invoker.invokeConfigurations(Invoker.java:215)
	at org.testng.internal.Invoker.invokeMethod(Invoker.java:589)
	at org.testng.internal.Invoker.invokeTestMethod(Invoker.java:820)
	at org.testng.internal.Invoker.invokeTestMethods(Invoker.java:1128)
	at org.testng.internal.TestMethodWorker.invokeTestMethods(TestMethodWorker.java:129)
	at org.testng.internal.TestMethodWorker.run(TestMethodWorker.java:112)
	at org.testng.TestRunner.privateRun(TestRunner.java:782)
	at org.testng.TestRunner.run(TestRunner.java:632)
	at org.testng.SuiteRunner.runTest(SuiteRunner.java:366)
	at org.testng.SuiteRunner.runSequentially(SuiteRunner.java:361)
	at org.testng.SuiteRunner.privateRun(SuiteRunner.java:319)
	at org.testng.SuiteRunner.run(SuiteRunner.java:268)
	at org.testng.SuiteRunnerWorker.runSuite(SuiteRunnerWorker.java:52)
	at org.testng.SuiteRunnerWorker.run(SuiteRunnerWorker.java:86)
	at org.testng.TestNG.runSuitesSequentially(TestNG.java:1244)
	at org.testng.TestNG.runSuitesLocally(TestNG.java:1169)
	at org.testng.TestNG.run(TestNG.java:1064)
	at Main.main(Main.java:9)
]]>
    </error>
  </testcase> <!-- createAccountTest -->
  <testcase name="searchTest2" time="0.000" classname="SearchTests">
    <error type="org.openqa.selenium.SessionNotCreatedException" message="session not created: This version of ChromeDriver only supports Chrome version 76
Build info: version: &#039;unknown&#039;, revision: &#039;unknown&#039;, time: &#039;unknown&#039;
System info: host: &#039;IONCHI-LAP95&#039;, ip: &#039;10.12.64.3&#039;, os.name: &#039;Windows 7&#039;, os.arch: &#039;amd64&#039;, os.version: &#039;6.1&#039;, java.version: &#039;1.8.0_171&#039;
Driver info: driver.version: ChromeDriver
remote stacktrace: Backtrace:
	Ordinal0 [0x01047C93+1473683]
	Ordinal0 [0x00FCADB1+961969]
	Ordinal0 [0x00F542E3+475875]
	Ordinal0 [0x00EEF365+62309]
	Ordinal0 [0x00EEBC77+48247]
	Ordinal0 [0x00F09149+168265]
	Ordinal0 [0x00F08D1D+167197]
	Ordinal0 [0x00F0742B+160811]
	Ordinal0 [0x00EF0AE6+68326]
	Ordinal0 [0x00EF1BF0+72688]
	Ordinal0 [0x00EF1B89+72585]
	Ordinal0 [0x00FE4B77+1067895]
	GetHandleVerifier [0x010E6875+506677]
	GetHandleVerifier [0x010E6610+506064]
	GetHandleVerifier [0x010ED1B8+533624]
	GetHandleVerifier [0x010E704A+508682]
	Ordinal0 [0x00FDC266+1032806]
	Ordinal0 [0x00FDC0DF+1032415]
	Ordinal0 [0x00FE6A8B+1075851]
	Ordinal0 [0x00FE6BF3+1076211]
	Ordinal0 [0x00FE5BA5+1072037]
	BaseThreadInitThunk [0x76F8343D+18]
	RtlInitializeExceptionChain [0x77D69802+99]
	RtlInitializeExceptionChain [0x77D697D5+54]
">
      <![CDATA[org.openqa.selenium.SessionNotCreatedException: session not created: This version of ChromeDriver only supports Chrome version 76
Build info: version: 'unknown', revision: 'unknown', time: 'unknown'
System info: host: 'IONCHI-LAP95', ip: '10.12.64.3', os.name: 'Windows 7', os.arch: 'amd64', os.version: '6.1', java.version: '1.8.0_171'
Driver info: driver.version: ChromeDriver
remote stacktrace: Backtrace:
	Ordinal0 [0x01047C93+1473683]
	Ordinal0 [0x00FCADB1+961969]
	Ordinal0 [0x00F542E3+475875]
	Ordinal0 [0x00EEF365+62309]
	Ordinal0 [0x00EEBC77+48247]
	Ordinal0 [0x00F09149+168265]
	Ordinal0 [0x00F08D1D+167197]
	Ordinal0 [0x00F0742B+160811]
	Ordinal0 [0x00EF0AE6+68326]
	Ordinal0 [0x00EF1BF0+72688]
	Ordinal0 [0x00EF1B89+72585]
	Ordinal0 [0x00FE4B77+1067895]
	GetHandleVerifier [0x010E6875+506677]
	GetHandleVerifier [0x010E6610+506064]
	GetHandleVerifier [0x010ED1B8+533624]
	GetHandleVerifier [0x010E704A+508682]
	Ordinal0 [0x00FDC266+1032806]
	Ordinal0 [0x00FDC0DF+1032415]
	Ordinal0 [0x00FE6A8B+1075851]
	Ordinal0 [0x00FE6BF3+1076211]
	Ordinal0 [0x00FE5BA5+1072037]
	BaseThreadInitThunk [0x76F8343D+18]
	RtlInitializeExceptionChain [0x77D69802+99]
	RtlInitializeExceptionChain [0x77D697D5+54]

	at sun.reflect.NativeConstructorAccessorImpl.newInstance0(Native Method)
	at sun.reflect.NativeConstructorAccessorImpl.newInstance(Unknown Source)
	at sun.reflect.DelegatingConstructorAccessorImpl.newInstance(Unknown Source)
	at java.lang.reflect.Constructor.newInstance(Unknown Source)
	at org.openqa.selenium.remote.W3CHandshakeResponse.lambda$new$0(W3CHandshakeResponse.java:57)
	at org.openqa.selenium.remote.W3CHandshakeResponse.lambda$getResponseFunction$2(W3CHandshakeResponse.java:104)
	at org.openqa.selenium.remote.ProtocolHandshake.lambda$createSession$22(ProtocolHandshake.java:365)
	at java.util.stream.ReferencePipeline$3$1.accept(Unknown Source)
	at java.util.Spliterators$ArraySpliterator.tryAdvance(Unknown Source)
	at java.util.stream.ReferencePipeline.forEachWithCancel(Unknown Source)
	at java.util.stream.AbstractPipeline.copyIntoWithCancel(Unknown Source)
	at java.util.stream.AbstractPipeline.copyInto(Unknown Source)
	at java.util.stream.AbstractPipeline.wrapAndCopyInto(Unknown Source)
	at java.util.stream.FindOps$FindOp.evaluateSequential(Unknown Source)
	at java.util.stream.AbstractPipeline.evaluate(Unknown Source)
	at java.util.stream.ReferencePipeline.findFirst(Unknown Source)
	at org.openqa.selenium.remote.ProtocolHandshake.createSession(ProtocolHandshake.java:368)
	at org.openqa.selenium.remote.ProtocolHandshake.createSession(ProtocolHandshake.java:159)
	at org.openqa.selenium.remote.HttpCommandExecutor.execute(HttpCommandExecutor.java:142)
	at org.openqa.selenium.remote.service.DriverCommandExecutor.execute(DriverCommandExecutor.java:82)
	at org.openqa.selenium.remote.RemoteWebDriver.execute(RemoteWebDriver.java:637)
	at org.openqa.selenium.remote.RemoteWebDriver.startSession(RemoteWebDriver.java:250)
	at org.openqa.selenium.remote.RemoteWebDriver.startSession(RemoteWebDriver.java:236)
	at org.openqa.selenium.remote.RemoteWebDriver.<init>(RemoteWebDriver.java:137)
	at org.openqa.selenium.chrome.ChromeDriver.<init>(ChromeDriver.java:184)
	at org.openqa.selenium.chrome.ChromeDriver.<init>(ChromeDriver.java:171)
	at org.openqa.selenium.chrome.ChromeDriver.<init>(ChromeDriver.java:158)
	at utils.WebBrowser.initWebBrowser(WebBrowser.java:40)
	at sun.reflect.NativeMethodAccessorImpl.invoke0(Native Method)
	at sun.reflect.NativeMethodAccessorImpl.invoke(Unknown Source)
	at sun.reflect.DelegatingMethodAccessorImpl.invoke(Unknown Source)
	at java.lang.reflect.Method.invoke(Unknown Source)
	at org.testng.internal.MethodInvocationHelper.invokeMethod(MethodInvocationHelper.java:86)
	at org.testng.internal.Invoker.invokeConfigurationMethod(Invoker.java:514)
	at org.testng.internal.Invoker.invokeConfigurations(Invoker.java:215)
	at org.testng.internal.Invoker.invokeMethod(Invoker.java:589)
	at org.testng.internal.Invoker.invokeTestMethod(Invoker.java:820)
	at org.testng.internal.Invoker.invokeTestMethods(Invoker.java:1128)
	at org.testng.internal.TestMethodWorker.invokeTestMethods(TestMethodWorker.java:129)
	at org.testng.internal.TestMethodWorker.run(TestMethodWorker.java:112)
	at org.testng.TestRunner.privateRun(TestRunner.java:782)
	at org.testng.TestRunner.run(TestRunner.java:632)
	at org.testng.SuiteRunner.runTest(SuiteRunner.java:366)
	at org.testng.SuiteRunner.runSequentially(SuiteRunner.java:361)
	at org.testng.SuiteRunner.privateRun(SuiteRunner.java:319)
	at org.testng.SuiteRunner.run(SuiteRunner.java:268)
	at org.testng.SuiteRunnerWorker.runSuite(SuiteRunnerWorker.java:52)
	at org.testng.SuiteRunnerWorker.run(SuiteRunnerWorker.java:86)
	at org.testng.TestNG.runSuitesSequentially(TestNG.java:1244)
	at org.testng.TestNG.runSuitesLocally(TestNG.java:1169)
	at org.testng.TestNG.run(TestNG.java:1064)
	at Main.main(Main.java:9)
]]>
    </error>
  </testcase> <!-- searchTest2 -->
  <testcase name="searchTest1" time="0.363" classname="SearchTests">
    <error type="org.openqa.selenium.SessionNotCreatedException" message="session not created: This version of ChromeDriver only supports Chrome version 76
Build info: version: &#039;unknown&#039;, revision: &#039;unknown&#039;, time: &#039;unknown&#039;
System info: host: &#039;IONCHI-LAP95&#039;, ip: &#039;10.12.64.3&#039;, os.name: &#039;Windows 7&#039;, os.arch: &#039;amd64&#039;, os.version: &#039;6.1&#039;, java.version: &#039;1.8.0_171&#039;
Driver info: driver.version: ChromeDriver
remote stacktrace: Backtrace:
	Ordinal0 [0x01047C93+1473683]
	Ordinal0 [0x00FCADB1+961969]
	Ordinal0 [0x00F542E3+475875]
	Ordinal0 [0x00EEF365+62309]
	Ordinal0 [0x00EEBC77+48247]
	Ordinal0 [0x00F09149+168265]
	Ordinal0 [0x00F08D1D+167197]
	Ordinal0 [0x00F0742B+160811]
	Ordinal0 [0x00EF0AE6+68326]
	Ordinal0 [0x00EF1BF0+72688]
	Ordinal0 [0x00EF1B89+72585]
	Ordinal0 [0x00FE4B77+1067895]
	GetHandleVerifier [0x010E6875+506677]
	GetHandleVerifier [0x010E6610+506064]
	GetHandleVerifier [0x010ED1B8+533624]
	GetHandleVerifier [0x010E704A+508682]
	Ordinal0 [0x00FDC266+1032806]
	Ordinal0 [0x00FDC0DF+1032415]
	Ordinal0 [0x00FE6A8B+1075851]
	Ordinal0 [0x00FE6BF3+1076211]
	Ordinal0 [0x00FE5BA5+1072037]
	BaseThreadInitThunk [0x76F8343D+18]
	RtlInitializeExceptionChain [0x77D69802+99]
	RtlInitializeExceptionChain [0x77D697D5+54]
">
      <![CDATA[org.openqa.selenium.SessionNotCreatedException: session not created: This version of ChromeDriver only supports Chrome version 76
Build info: version: 'unknown', revision: 'unknown', time: 'unknown'
System info: host: 'IONCHI-LAP95', ip: '10.12.64.3', os.name: 'Windows 7', os.arch: 'amd64', os.version: '6.1', java.version: '1.8.0_171'
Driver info: driver.version: ChromeDriver
remote stacktrace: Backtrace:
	Ordinal0 [0x01047C93+1473683]
	Ordinal0 [0x00FCADB1+961969]
	Ordinal0 [0x00F542E3+475875]
	Ordinal0 [0x00EEF365+62309]
	Ordinal0 [0x00EEBC77+48247]
	Ordinal0 [0x00F09149+168265]
	Ordinal0 [0x00F08D1D+167197]
	Ordinal0 [0x00F0742B+160811]
	Ordinal0 [0x00EF0AE6+68326]
	Ordinal0 [0x00EF1BF0+72688]
	Ordinal0 [0x00EF1B89+72585]
	Ordinal0 [0x00FE4B77+1067895]
	GetHandleVerifier [0x010E6875+506677]
	GetHandleVerifier [0x010E6610+506064]
	GetHandleVerifier [0x010ED1B8+533624]
	GetHandleVerifier [0x010E704A+508682]
	Ordinal0 [0x00FDC266+1032806]
	Ordinal0 [0x00FDC0DF+1032415]
	Ordinal0 [0x00FE6A8B+1075851]
	Ordinal0 [0x00FE6BF3+1076211]
	Ordinal0 [0x00FE5BA5+1072037]
	BaseThreadInitThunk [0x76F8343D+18]
	RtlInitializeExceptionChain [0x77D69802+99]
	RtlInitializeExceptionChain [0x77D697D5+54]

	at sun.reflect.NativeConstructorAccessorImpl.newInstance0(Native Method)
	at sun.reflect.NativeConstructorAccessorImpl.newInstance(Unknown Source)
	at sun.reflect.DelegatingConstructorAccessorImpl.newInstance(Unknown Source)
	at java.lang.reflect.Constructor.newInstance(Unknown Source)
	at org.openqa.selenium.remote.W3CHandshakeResponse.lambda$new$0(W3CHandshakeResponse.java:57)
	at org.openqa.selenium.remote.W3CHandshakeResponse.lambda$getResponseFunction$2(W3CHandshakeResponse.java:104)
	at org.openqa.selenium.remote.ProtocolHandshake.lambda$createSession$22(ProtocolHandshake.java:365)
	at java.util.stream.ReferencePipeline$3$1.accept(Unknown Source)
	at java.util.Spliterators$ArraySpliterator.tryAdvance(Unknown Source)
	at java.util.stream.ReferencePipeline.forEachWithCancel(Unknown Source)
	at java.util.stream.AbstractPipeline.copyIntoWithCancel(Unknown Source)
	at java.util.stream.AbstractPipeline.copyInto(Unknown Source)
	at java.util.stream.AbstractPipeline.wrapAndCopyInto(Unknown Source)
	at java.util.stream.FindOps$FindOp.evaluateSequential(Unknown Source)
	at java.util.stream.AbstractPipeline.evaluate(Unknown Source)
	at java.util.stream.ReferencePipeline.findFirst(Unknown Source)
	at org.openqa.selenium.remote.ProtocolHandshake.createSession(ProtocolHandshake.java:368)
	at org.openqa.selenium.remote.ProtocolHandshake.createSession(ProtocolHandshake.java:159)
	at org.openqa.selenium.remote.HttpCommandExecutor.execute(HttpCommandExecutor.java:142)
	at org.openqa.selenium.remote.service.DriverCommandExecutor.execute(DriverCommandExecutor.java:82)
	at org.openqa.selenium.remote.RemoteWebDriver.execute(RemoteWebDriver.java:637)
	at org.openqa.selenium.remote.RemoteWebDriver.startSession(RemoteWebDriver.java:250)
	at org.openqa.selenium.remote.RemoteWebDriver.startSession(RemoteWebDriver.java:236)
	at org.openqa.selenium.remote.RemoteWebDriver.<init>(RemoteWebDriver.java:137)
	at org.openqa.selenium.chrome.ChromeDriver.<init>(ChromeDriver.java:184)
	at org.openqa.selenium.chrome.ChromeDriver.<init>(ChromeDriver.java:171)
	at org.openqa.selenium.chrome.ChromeDriver.<init>(ChromeDriver.java:158)
	at utils.WebBrowser.initWebBrowser(WebBrowser.java:40)
	at sun.reflect.NativeMethodAccessorImpl.invoke0(Native Method)
	at sun.reflect.NativeMethodAccessorImpl.invoke(Unknown Source)
	at sun.reflect.DelegatingMethodAccessorImpl.invoke(Unknown Source)
	at java.lang.reflect.Method.invoke(Unknown Source)
	at org.testng.internal.MethodInvocationHelper.invokeMethod(MethodInvocationHelper.java:86)
	at org.testng.internal.Invoker.invokeConfigurationMethod(Invoker.java:514)
	at org.testng.internal.Invoker.invokeConfigurations(Invoker.java:215)
	at org.testng.internal.Invoker.invokeMethod(Invoker.java:589)
	at org.testng.internal.Invoker.invokeTestMethod(Invoker.java:820)
	at org.testng.internal.Invoker.invokeTestMethods(Invoker.java:1128)
	at org.testng.internal.TestMethodWorker.invokeTestMethods(TestMethodWorker.java:129)
	at org.testng.internal.TestMethodWorker.run(TestMethodWorker.java:112)
	at org.testng.TestRunner.privateRun(TestRunner.java:782)
	at org.testng.TestRunner.run(TestRunner.java:632)
	at org.testng.SuiteRunner.runTest(SuiteRunner.java:366)
	at org.testng.SuiteRunner.runSequentially(SuiteRunner.java:361)
	at org.testng.SuiteRunner.privateRun(SuiteRunner.java:319)
	at org.testng.SuiteRunner.run(SuiteRunner.java:268)
	at org.testng.SuiteRunnerWorker.runSuite(SuiteRunnerWorker.java:52)
	at org.testng.SuiteRunnerWorker.run(SuiteRunnerWorker.java:86)
	at org.testng.TestNG.runSuitesSequentially(TestNG.java:1244)
	at org.testng.TestNG.runSuitesLocally(TestNG.java:1169)
	at org.testng.TestNG.run(TestNG.java:1064)
	at Main.main(Main.java:9)
]]>
    </error>
  </testcase> <!-- searchTest1 -->
</testsuite> <!-- SearchTests -->
